Watching for file changes with StatReloader
[14/Jun/2026 15:43:58] "GET /admin HTTP/1.1" 301 0
[14/Jun/2026 15:43:58] "GET /admin/ HTTP/1.1" 200 7802
[14/Jun/2026 15:43:58] "GET /static/admin/css/dark_mode.css HTTP/1.1" 200 3538
[14/Jun/2026 15:43:58] "GET /static/admin/css/base.css HTTP/1.1" 200 23100
[14/Jun/2026 15:43:58] "GET /static/admin/css/nav_sidebar.css HTTP/1.1" 200 2810
[14/Jun/2026 15:43:58] "GET /static/admin/css/dashboard.css HTTP/1.1" 200 441
[14/Jun/2026 15:43:58] "GET /static/admin/css/responsive.css HTTP/1.1" 200 16273
[14/Jun/2026 15:43:58] "GET /static/admin/js/theme.js HTTP/1.1" 200 1653
[14/Jun/2026 15:43:58] "GET /static/admin/js/nav_sidebar.js HTTP/1.1" 200 3063
[14/Jun/2026 15:43:58] "GET /static/admin/img/icon-changelink.svg HTTP/1.1" 200 978
[14/Jun/2026 15:43:58] "GET /static/admin/img/icon-addlink.svg HTTP/1.1" 200 593
Not Found: /favicon.ico
[14/Jun/2026 15:43:58] "GET /favicon.ico HTTP/1.1" 404 2679
[14/Jun/2026 15:44:28] "GET /admin/ HTTP/1.1" 302 0
[14/Jun/2026 15:44:28] "GET /admin/login/?next=/admin/ HTTP/1.1" 200 4080
[14/Jun/2026 15:44:28,165] - Broken pipe from ('127.0.0.1', 54730)
[14/Jun/2026 15:44:43] "GET /tweet/ HTTP/1.1" 200 5297
[14/Jun/2026 15:44:43] "GET /media/photos/download_1_UwjSFKk.jpeg HTTP/1.1" 304 0
[14/Jun/2026 15:44:43] "GET /media/photos/Seedhe_Maut_Lunch_Break_4k_Album_Wallpaper_.jpeg HTTP/1.1" 304 0
[14/Jun/2026 15:44:43] "GET /media/photos/Pushpa2TheRule_new_poster_out_The_poster_shows.jpeg HTTP/1.1" 304 0
Method Not Allowed (GET): /accounts/logout/
[14/Jun/2026 15:45:30] "GET /accounts/logout/ HTTP/1.1" 405 0
Method Not Allowed (GET): /accounts/logout/
[14/Jun/2026 15:45:39] "GET /accounts/logout/ HTTP/1.1" 405 0
[14/Jun/2026 15:47:02] "GET /tweet/ HTTP/1.1" 200 5426
[14/Jun/2026 15:47:04] "POST /accounts/logout/ HTTP/1.1" 302 0
[14/Jun/2026 15:47:04] "GET /tweet HTTP/1.1" 301 0
[14/Jun/2026 15:47:04] "GET /tweet/ HTTP/1.1" 200 4573
[14/Jun/2026 15:47:11] "GET /tweet/create/ HTTP/1.1" 302 0
[14/Jun/2026 15:47:11] "GET /accounts/login?next=/tweet/create/ HTTP/1.1" 301 0
[14/Jun/2026 15:47:11] "GET /accounts/login/?next=/tweet/create/ HTTP/1.1" 200 3076
[14/Jun/2026 15:47:16] "GET /accounts/login/ HTTP/1.1" 200 3076
[14/Jun/2026 15:47:20] "GET /tweet/register/ HTTP/1.1" 200 4024
[14/Jun/2026 15:59:12] "GET /tweet/ HTTP/1.1" 200 4573
[14/Jun/2026 15:59:15] "GET /tweet/create/ HTTP/1.1" 302 0
[14/Jun/2026 15:59:15] "GET /accounts/login/?next=/tweet/create/ HTTP/1.1" 200 3076
[14/Jun/2026 15:59:18] "POST /accounts/login/?next=/tweet/create/ HTTP/1.1" 302 0
[14/Jun/2026 15:59:18] "GET /tweet/create/ HTTP/1.1" 200 3246
